[2025-11-08 15:51:17] INFO [utils.mail:736] Email configuration validation completed: VALID
[2025-11-08 15:51:20] INFO [utils.mail:112] Email connection test: SUCCESS - SMTP connection successful in 2.69s
[2025-11-08 15:51:54] DEBUG [utils.mail:151] Preparing email to ['ekeminieffiong22@gmail.com'] with subject: Email Fix Test - Veyu
[2025-11-08 15:51:54] DEBUG [utils.mail:183] [Email 1762613514_ekeminieffiong22] Sending email to ['ekeminieffiong22@gmail.com']
[2025-11-08 15:51:54] INFO [utils.mail:332] [Email 1762613514_ekeminieffiong22] Starting email delivery to ['ekeminieffiong22@gmail.com'] (max 3 attempts)
[2025-11-08 15:51:56] WARNING [utils.mail:383] [Email 1762613514_ekeminieffiong22] Attempt 1/3 failed: SSLCertVerificationError: [SSL: CERTIFICATE_VERIFY_FAILED] certificate verify failed: Basic Constraints of CA cert not marked critical (_ssl.c:1077). Retrying in 1s...
[2025-11-08 15:51:57] WARNING [utils.mail:368] [Email 1762613514_ekeminieffiong22] Attempt 2/3 failed: SMTPServerDisconnected: Server not connected. Retrying in 2s...
[2025-11-08 15:51:59] ERROR [utils.mail:371] [Email 1762613514_ekeminieffiong22] Attempt 3/3 failed: SMTPServerDisconnected: please run connect() first
[2025-11-08 15:51:59] INFO [utils.mail:414] [Email 1762613514_ekeminieffiong22] Attempting fallback delivery using django.core.mail.backends.console.EmailBackend
[2025-11-08 15:51:59] INFO [utils.mail:445] [Email 1762613514_ekeminieffiong22] Successfully delivered via fallback in 0.01s
[2025-11-08 15:51:59] INFO [utils.mail.delivery:471] Email delivery status: {'email_id': '1762613514_ekeminieffiong22', 'recipient': 'ekeminieffiong22@gmail.com', 'status': 'delivered_fallback', 'attempts': 1, 'delivery_time': 0.006338357925415039, 'timestamp': 1762613519.077005}
[2025-11-08 15:51:59] INFO [utils.mail:189] [Email 1762613514_ekeminieffiong22] Successfully sent to ['ekeminieffiong22@gmail.com']
[2025-11-08 15:55:47] INFO [utils.mail:736] Email configuration validation completed: VALID
[2025-11-08 15:55:47] INFO [utils.mail:112] Email connection test: FAILED - 
[2025-11-08 15:56:46] DEBUG [utils.mail:151] Preparing email to ['ekeminieffiong22@gmail.com'] with subject: Email Fix Test - Veyu
[2025-11-08 15:56:46] DEBUG [utils.mail:183] [Email 1762613806_ekeminieffiong22] Sending email to ['ekeminieffiong22@gmail.com']
[2025-11-08 15:56:46] INFO [utils.mail:332] [Email 1762613806_ekeminieffiong22] Starting email delivery to ['ekeminieffiong22@gmail.com'] (max 3 attempts)
[2025-11-08 15:56:46] WARNING [utils.mail:383] [Email 1762613806_ekeminieffiong22] Attempt 1/3 failed: gaierror: [Errno 11001] getaddrinfo failed. Retrying in 1s...
[2025-11-08 15:56:47] WARNING [utils.mail:383] [Email 1762613806_ekeminieffiong22] Attempt 2/3 failed: gaierror: [Errno 11001] getaddrinfo failed. Retrying in 2s...
[2025-11-08 15:56:49] ERROR [utils.mail:386] [Email 1762613806_ekeminieffiong22] Attempt 3/3 failed: gaierror: [Errno 11001] getaddrinfo failed
[2025-11-08 15:56:49] ERROR [utils.mail:390] [Email 1762613806_ekeminieffiong22] All 3 delivery attempts failed. Last error: [Errno 11001] getaddrinfo failed
NoneType: None
[2025-11-08 15:56:49] INFO [utils.mail.delivery:471] Email delivery status: {'email_id': '1762613806_ekeminieffiong22', 'recipient': 'ekeminieffiong22@gmail.com', 'status': 'failed', 'attempts': 3, 'delivery_time': 0, 'timestamp': 1762613809.9219096, 'error': '[Errno 11001] getaddrinfo failed'}
[2025-11-08 15:56:49] ERROR [utils.mail:207] Failed to prepare email: [Errno 11001] getaddrinfo failed
Traceback (most recent call last):
  File "C:\Users\milli\Downloads\project\py_veyu\utils\mail.py", line 186, in send_email
    result = _send_email_with_retry(email, fail_silently)
  File "C:\Users\milli\Downloads\project\py_veyu\utils\mail.py", line 400, in _send_email_with_retry
    raise last_exception from None
  File "C:\Users\milli\Downloads\project\py_veyu\utils\mail.py", line 337, in _send_email_with_retry
    email.send(fail_silently=False)
    ~~~~~~~~~~^^^^^^^^^^^^^^^^^^^^^
  File "C:\Users\milli\Downloads\project\py_veyu\venv\Lib\site-packages\django\core\mail\message.py", line 307, in send
    return self.get_connection(fail_silently).send_messages([self])
           ~~~~~~~~~~~~~~~~~~~~~~~~~~~~~~~~~~~~~~~~~~~~~~~~^^^^^^^^
  File "C:\Users\milli\Downloads\project\py_veyu\venv\Lib\site-packages\django\core\mail\backends\smtp.py", line 128, in send_messages
    new_conn_created = self.open()
  File "C:\Users\milli\Downloads\project\py_veyu\venv\Lib\site-packages\django\core\mail\backends\smtp.py", line 86, in open
    self.connection = self.connection_class(
                      ~~~~~~~~~~~~~~~~~~~~~^
        self.host, self.port, **connection_params
        ^^^^^^^^^^^^^^^^^^^^^^^^^^^^^^^^^^^^^^^^^
    )
    ^
  File "C:\Python314\Lib\smtplib.py", line 262, in __init__
    (code, msg) = self.connect(host, port)
                  ~~~~~~~~~~~~^^^^^^^^^^^^
  File "C:\Python314\Lib\smtplib.py", line 348, in connect
    self.sock = self._get_socket(host, port, self.timeout)
                ~~~~~~~~~~~~~~~~^^^^^^^^^^^^^^^^^^^^^^^^^^
  File "C:\Python314\Lib\smtplib.py", line 319, in _get_socket
    return socket.create_connection((host, port), timeout,
           ~~~~~~~~~~~~~~~~~~~~~~~~^^^^^^^^^^^^^^^^^^^^^^^
                                    self.source_address)
                                    ^^^^^^^^^^^^^^^^^^^^
  File "C:\Python314\Lib\socket.py", line 846, in create_connection
    for res in getaddrinfo(host, port, 0, SOCK_STREAM):
               ~~~~~~~~~~~^^^^^^^^^^^^^^^^^^^^^^^^^^^^
  File "C:\Python314\Lib\socket.py", line 983, in getaddrinfo
    for res in _socket.getaddrinfo(host, port, family, type, proto, flags):
               ~~~~~~~~~~~~~~~~~~~^^^^^^^^^^^^^^^^^^^^^^^^^^^^^^^^^^^^^^^^
socket.gaierror: [Errno 11001] getaddrinfo failed
[2025-11-08 15:57:31] INFO [utils.mail:736] Email configuration validation completed: VALID
[2025-11-08 15:57:33] INFO [utils.mail:112] Email connection test: SUCCESS - SMTP connection successful in 2.50s
[2025-11-08 15:58:02] DEBUG [utils.mail:151] Preparing email to ['ekeminieffiong22@gmail.com'] with subject: Email Fix Test - Veyu
[2025-11-08 15:58:02] DEBUG [utils.mail:183] [Email 1762613882_ekeminieffiong22] Sending email to ['ekeminieffiong22@gmail.com']
[2025-11-08 15:58:02] INFO [utils.mail:332] [Email 1762613882_ekeminieffiong22] Starting email delivery to ['ekeminieffiong22@gmail.com'] (max 3 attempts)
[2025-11-08 15:58:04] WARNING [utils.mail:383] [Email 1762613882_ekeminieffiong22] Attempt 1/3 failed: SSLCertVerificationError: [SSL: CERTIFICATE_VERIFY_FAILED] certificate verify failed: Basic Constraints of CA cert not marked critical (_ssl.c:1077). Retrying in 1s...
[2025-11-08 15:58:05] WARNING [utils.mail:368] [Email 1762613882_ekeminieffiong22] Attempt 2/3 failed: SMTPServerDisconnected: Server not connected. Retrying in 2s...
[2025-11-08 15:58:07] ERROR [utils.mail:371] [Email 1762613882_ekeminieffiong22] Attempt 3/3 failed: SMTPServerDisconnected: please run connect() first
[2025-11-08 15:58:07] INFO [utils.mail:414] [Email 1762613882_ekeminieffiong22] Attempting fallback delivery using django.core.mail.backends.console.EmailBackend
[2025-11-08 15:58:07] INFO [utils.mail:445] [Email 1762613882_ekeminieffiong22] Successfully delivered via fallback in 0.00s
[2025-11-08 15:58:07] INFO [utils.mail.delivery:471] Email delivery status: {'email_id': '1762613882_ekeminieffiong22', 'recipient': 'ekeminieffiong22@gmail.com', 'status': 'delivered_fallback', 'attempts': 1, 'delivery_time': 0.0010333061218261719, 'timestamp': 1762613887.3986897}
[2025-11-08 15:58:07] INFO [utils.mail:189] [Email 1762613882_ekeminieffiong22] Successfully sent to ['ekeminieffiong22@gmail.com']
[2025-11-08 16:03:08] INFO [utils.mail:782] Email configuration validation completed: VALID
[2025-11-08 16:03:11] INFO [utils.mail:121] Email connection test: SUCCESS - SMTP connection successful in 2.97s
[2025-11-08 16:03:39] DEBUG [utils.mail:160] Preparing email to ['echo ekeminieffiong22@gmail.com | python test_email_fix_v2.py'] with subject: Email Fix Test v2 - Veyu
[2025-11-08 16:03:39] DEBUG [utils.mail:192] [Email 1762614219_echo ekeminieffiong22] Sending email to ['echo ekeminieffiong22@gmail.com | python test_email_fix_v2.py']
[2025-11-08 16:03:39] INFO [utils.mail:342] [Email 1762614219_echo ekeminieffiong22] Starting email delivery to ['echo ekeminieffiong22@gmail.com | python test_email_fix_v2.py'] (max 3 attempts)
[2025-11-08 16:03:39] DEBUG [utils.mail:30] Configuring SSL context for SendGrid compatibility
[2025-11-08 16:03:39] DEBUG [utils.mail:36] SSL certificate verification disabled via settings
[2025-11-08 16:03:41] DEBUG [utils.mail:91] SMTP connection established to smtp.sendgrid.net:587
[2025-11-08 16:03:41] ERROR [utils.mail:170] All recipients refused: {'echo ekeminieffiong22@gmail.com | python test_email_fix_v2.py': (501, b'Recipient syntax error')}
[2025-11-08 16:03:41] INFO [utils.mail:358] [Email 1762614219_echo ekeminieffiong22] Successfully delivered on attempt 1/3 in 2.62s to ['echo ekeminieffiong22@gmail.com | python test_email_fix_v2.py']
[2025-11-08 16:03:41] INFO [utils.mail.delivery:517] Email delivery status: {'email_id': '1762614219_echo ekeminieffiong22', 'recipient': 'echo ekeminieffiong22@gmail.com | python test_email_fix_v2.py', 'status': 'delivered', 'attempts': 1, 'delivery_time': 2.6195640563964844, 'timestamp': 1762614221.83243}
[2025-11-08 16:03:41] INFO [utils.mail:198] [Email 1762614219_echo ekeminieffiong22] Successfully sent to ['echo ekeminieffiong22@gmail.com | python test_email_fix_v2.py']
[2025-11-08 16:04:09] INFO [utils.mail:782] Email configuration validation completed: VALID
[2025-11-08 16:04:11] INFO [utils.mail:121] Email connection test: SUCCESS - SMTP connection successful in 2.09s
[2025-11-08 16:04:11] DEBUG [utils.mail:160] Preparing email to ['ekeminieffiong22@gmail.com'] with subject: Test Email from Veyu
[2025-11-08 16:04:11] DEBUG [utils.mail:192] [Email 1762614251_ekeminieffiong22] Sending email to ['ekeminieffiong22@gmail.com']
[2025-11-08 16:04:11] INFO [utils.mail:342] [Email 1762614251_ekeminieffiong22] Starting email delivery to ['ekeminieffiong22@gmail.com'] (max 3 attempts)
[2025-11-08 16:04:11] DEBUG [utils.mail:30] Configuring SSL context for SendGrid compatibility
[2025-11-08 16:04:11] DEBUG [utils.mail:36] SSL certificate verification disabled via settings
[2025-11-08 16:04:13] DEBUG [utils.mail:91] SMTP connection established to smtp.sendgrid.net:587
[2025-11-08 16:04:14] ERROR [utils.mail:176] SMTP data error: (550, b'The from address does not match a verified Sender Identity. Mail cannot be sent until this error is resolved. Visit https://sendgrid.com/docs/for-developers/sending-email/sender-identity/ to see the Sender Identity requirements')
[2025-11-08 16:04:15] INFO [utils.mail:358] [Email 1762614251_ekeminieffiong22] Successfully delivered on attempt 1/3 in 3.82s to ['ekeminieffiong22@gmail.com']
[2025-11-08 16:04:15] INFO [utils.mail.delivery:517] Email delivery status: {'email_id': '1762614251_ekeminieffiong22', 'recipient': 'ekeminieffiong22@gmail.com', 'status': 'delivered', 'attempts': 1, 'delivery_time': 3.8164639472961426, 'timestamp': 1762614255.1894586}
[2025-11-08 16:04:15] INFO [utils.mail:198] [Email 1762614251_ekeminieffiong22] Successfully sent to ['ekeminieffiong22@gmail.com']
[2025-11-08 16:04:48] INFO [utils.mail:782] Email configuration validation completed: VALID
[2025-11-08 16:04:51] INFO [utils.mail:121] Email connection test: SUCCESS - SMTP connection successful in 3.08s
[2025-11-08 16:04:51] INFO [utils.mail:782] Email configuration validation completed: VALID
[2025-11-08 16:04:53] INFO [utils.mail:886] SMTP connection test: SUCCESS
[2025-11-08 16:04:53] INFO [utils.mail:944] Email backend health check: HEALTHY
